<?xml version="1.0" encoding="UTF-8"?>
<!-- Generated by org.testng.reporters.JUnitReportReporter -->
<testsuite hostname="DESKTOP-OE9NDSC" failures="0" tests="1" name="com.PracticeTask.RefreshCommand" time="3.383" errors="0" timestamp="2024-03-30T09:31:06 IST" skipped="0">
  <testcase classname="com.PracticeTask.RefreshCommand" name="RefreshPage" time="3.383"/>
</testsuite> <!-- com.PracticeTask.RefreshCommand -->
