<?xml version="1.0" encoding="UTF-8"?>
<!-- Generated by org.testng.reporters.JUnitReportReporter -->
<testsuite hostname="DESKTOP-OE9NDSC" failures="0" tests="1" name="com.PracticeTask.YahooSignInCheckBox" time="5.277" errors="0" timestamp="2024-03-30T21:39:37 IST" skipped="0">
  <testcase classname="com.PracticeTask.YahooSignInCheckBox" name="CheckBox" time="5.277"/>
</testsuite> <!-- com.PracticeTask.YahooSignInCheckBox -->
